<?xml version="1.0" encoding="UTF-8"?>
<testsuite name="com.ig5.iwa.reservation.ReservationApplicationTests" tests="1" skipped="0" failures="0" errors="0" timestamp="2024-11-21T13:25:45" hostname="ubuntu-Latitude-5410-DRTV273" time="0.579">
  <properties/>
  <testcase name="contextLoads()" classname="com.ig5.iwa.reservation.ReservationApplicationTests" time="0.579"/>
  <system-out><![CDATA[14:25:42.566 [Test worker] INFO org.springframework.test.context.support.AnnotationConfigContextLoaderUtils -- Could not detect default configuration classes for test class [com.ig5.iwa.reservation.ReservationApplicationTests]: ReservationApplicationTests does not declare any static, non-private, non-final, nested classes annotated with @Configuration.
14:25:42.649 [Test worker] INFO org.springframework.boot.test.context.SpringBootTestContextBootstrapper -- Found @SpringBootConfiguration com.ig5.iwa.reservation.ReservationApplication for test class com.ig5.iwa.reservation.ReservationApplicationTests

  .   ____          _            __ _ _
 /\\ / ___'_ __ _ _(_)_ __  __ _ \ \ \ \
( ( )\___ | '_ | '_| | '_ \/ _` | \ \ \ \
 \\/  ___)| |_)| | | | | || (_| |  ) ) ) )
  '  |____| .__|_| |_|_| |_\__, | / / / /
 =========|_|==============|___/=/_/_/_/

 :: Spring Boot ::                (v3.3.5)

2024-11-21T14:25:42.955+01:00  INFO 10888 --- [    Test worker] c.i.i.r.ReservationApplicationTests      : Starting ReservationApplicationTests using Java 17.0.13 with PID 10888 (started by ubuntu in /home/ubuntu/Documents/Traveo-Back/reservation)
2024-11-21T14:25:42.957+01:00  INFO 10888 --- [    Test worker] c.i.i.r.ReservationApplicationTests      : No active profile set, falling back to 1 default profile: "default"
2024-11-21T14:25:43.438+01:00  INFO 10888 --- [    Test worker] .s.d.r.c.RepositoryConfigurationDelegate : Bootstrapping Spring Data JPA repositories in DEFAULT mode.
2024-11-21T14:25:43.475+01:00  INFO 10888 --- [    Test worker] .s.d.r.c.RepositoryConfigurationDelegate : Finished Spring Data repository scanning in 32 ms. Found 1 JPA repository interface.
2024-11-21T14:25:43.903+01:00  INFO 10888 --- [    Test worker] o.hibernate.jpa.internal.util.LogHelper  : HHH000204: Processing PersistenceUnitInfo [name: default]
2024-11-21T14:25:43.953+01:00  INFO 10888 --- [    Test worker] org.hibernate.Version                    : HHH000412: Hibernate ORM core version 6.5.3.Final
2024-11-21T14:25:43.986+01:00  INFO 10888 --- [    Test worker] o.h.c.internal.RegionFactoryInitiator    : HHH000026: Second-level cache disabled
2024-11-21T14:25:44.234+01:00  INFO 10888 --- [    Test worker] o.s.o.j.p.SpringPersistenceUnitInfo      : No LoadTimeWeaver setup: ignoring JPA class transformer
2024-11-21T14:25:44.257+01:00  INFO 10888 --- [    Test worker] com.zaxxer.hikari.HikariDataSource       : HikariPool-1 - Starting...
2024-11-21T14:25:44.424+01:00  INFO 10888 --- [    Test worker] com.zaxxer.hikari.pool.HikariPool        : HikariPool-1 - Added connection org.postgresql.jdbc.PgConnection@6785c9fa
2024-11-21T14:25:44.426+01:00  INFO 10888 --- [    Test worker] com.zaxxer.hikari.HikariDataSource       : HikariPool-1 - Start completed.
2024-11-21T14:25:44.457+01:00  WARN 10888 --- [    Test worker] org.hibernate.orm.deprecation            : HHH90000025: PostgreSQLDialect does not need to be specified explicitly using 'hibernate.dialect' (remove the property setting and it will be selected by default)
2024-11-21T14:25:45.121+01:00  INFO 10888 --- [    Test worker] o.h.e.t.j.p.i.JtaPlatformInitiator       : HHH000489: No JTA platform available (set 'hibernate.transaction.jta.platform' to enable JTA platform integration)
2024-11-21T14:25:45.176+01:00  INFO 10888 --- [    Test worker] j.LocalContainerEntityManagerFactoryBean : Initialized JPA EntityManagerFactory for persistence unit 'default'
2024-11-21T14:25:45.614+01:00  WARN 10888 --- [    Test worker] JpaBaseConfiguration$JpaWebConfiguration : spring.jpa.open-in-view is enabled by default. Therefore, database queries may be performed during view rendering. Explicitly configure spring.jpa.open-in-view to disable this warning
2024-11-21T14:25:45.976+01:00  INFO 10888 --- [    Test worker] c.i.i.r.ReservationApplicationTests      : Started ReservationApplicationTests in 3.214 seconds (process running for 4.105)
]]></system-out>
  <system-err><![CDATA[]]></system-err>
</testsuite>
